Determining if the pthread_create exist failed with the following output:
Change Dir: /home/liza/CentralityFramework/CentralityFramework/build/CMakeFiles/CMakeTmp

Run Build Command:"/usr/bin/make" "cmTryCompileExec3998956210/fast"
/usr/bin/make -f CMakeFiles/cmTryCompileExec3998956210.dir/build.make CMakeFiles/cmTryCompileExec3998956210.dir/build
make[1]: Вход в каталог `/home/liza/CentralityFramework/CentralityFramework/build/CMakeFiles/CMakeTmp'
/usr/local/bin/cmake -E cmake_progress_report /home/liza/CentralityFramework/CentralityFramework/build/CMakeFiles/CMakeTmp/CMakeFiles 1
Building C object CMakeFiles/cmTryCompileExec3998956210.dir/CheckSymbolExists.c.o
/usr/bin/cc    -o CMakeFiles/cmTryCompileExec3998956210.dir/CheckSymbolExists.c.o   -c /home/liza/CentralityFramework/CentralityFramework/build/CMakeFiles/CMakeTmp/CheckSymbolExists.c
Linking C executable cmTryCompileExec3998956210
/usr/local/bin/cmake -E cmake_link_script CMakeFiles/cmTryCompileExec3998956210.dir/link.txt --verbose=1
/usr/bin/cc       CMakeFiles/cmTryCompileExec3998956210.dir/CheckSymbolExists.c.o  -o cmTryCompileExec3998956210 -rdynamic 
CMakeFiles/cmTryCompileExec3998956210.dir/CheckSymbolExists.c.o: In function `main':
CheckSymbolExists.c:(.text+0x16): undefined reference to `pthread_create'
collect2: error: ld returned 1 exit status
make[1]: *** [cmTryCompileExec3998956210] Ошибка 1
make[1]: Выход из каталога `/home/liza/CentralityFramework/CentralityFramework/build/CMakeFiles/CMakeTmp'
make: *** [cmTryCompileExec3998956210/fast] Ошибка 2

File /home/liza/CentralityFramework/CentralityFramework/build/CMakeFiles/CMakeTmp/CheckSymbolExists.c:
/* */
#include <pthread.h>

int main(int argc, char** argv)
{
  (void)argv;
#ifndef pthread_create
  return ((int*)(&pthread_create))[argc];
#else
  (void)argc;
  return 0;
#endif
}

Determining if the function pthread_create exists in the pthreads failed with the following output:
Change Dir: /home/liza/CentralityFramework/CentralityFramework/build/CMakeFiles/CMakeTmp

Run Build Command:"/usr/bin/make" "cmTryCompileExec3876825034/fast"
/usr/bin/make -f CMakeFiles/cmTryCompileExec3876825034.dir/build.make CMakeFiles/cmTryCompileExec3876825034.dir/build
make[1]: Вход в каталог `/home/liza/CentralityFramework/CentralityFramework/build/CMakeFiles/CMakeTmp'
/usr/local/bin/cmake -E cmake_progress_report /home/liza/CentralityFramework/CentralityFramework/build/CMakeFiles/CMakeTmp/CMakeFiles 1
Building C object CMakeFiles/cmTryCompileExec3876825034.dir/CheckFunctionExists.c.o
/usr/bin/cc   -DCHECK_FUNCTION_EXISTS=pthread_create   -o CMakeFiles/cmTryCompileExec3876825034.dir/CheckFunctionExists.c.o   -c /usr/local/share/cmake-3.2/Modules/CheckFunctionExists.c
Linking C executable cmTryCompileExec3876825034
/usr/local/bin/cmake -E cmake_link_script CMakeFiles/cmTryCompileExec3876825034.dir/link.txt --verbose=1
/usr/bin/cc   -DCHECK_FUNCTION_EXISTS=pthread_create    CMakeFiles/cmTryCompileExec3876825034.dir/CheckFunctionExists.c.o  -o cmTryCompileExec3876825034 -rdynamic -lpthreads 
/usr/bin/ld: cannot find -lpthreads
collect2: error: ld returned 1 exit status
make[1]: *** [cmTryCompileExec3876825034] Ошибка 1
make[1]: Выход из каталога `/home/liza/CentralityFramework/CentralityFramework/build/CMakeFiles/CMakeTmp'
make: *** [cmTryCompileExec3876825034/fast] Ошибка 2


Determining if the pthread_create exist failed with the following output:
Change Dir: /home/liza/CentralityFramework/CentralityFramework/build/CMakeFiles/CMakeTmp

Run Build Command:"/usr/bin/make" "cmTC_995e9/fast"
/usr/bin/make -f CMakeFiles/cmTC_995e9.dir/build.make CMakeFiles/cmTC_995e9.dir/build
make[1]: вход в каталог «/home/liza/CentralityFramework/CentralityFramework/build/CMakeFiles/CMakeTmp»
Building C object CMakeFiles/cmTC_995e9.dir/CheckSymbolExists.c.o
/usr/bin/cc     -o CMakeFiles/cmTC_995e9.dir/CheckSymbolExists.c.o   -c /home/liza/CentralityFramework/CentralityFramework/build/CMakeFiles/CMakeTmp/CheckSymbolExists.c
Linking C executable cmTC_995e9
/usr/bin/cmake -E cmake_link_script CMakeFiles/cmTC_995e9.dir/link.txt --verbose=1
/usr/bin/cc       CMakeFiles/cmTC_995e9.dir/CheckSymbolExists.c.o  -o cmTC_995e9 -rdynamic 
CMakeFiles/cmTC_995e9.dir/CheckSymbolExists.c.o: In function `main':
CheckSymbolExists.c:(.text+0x16): undefined reference to `pthread_create'
collect2: error: ld returned 1 exit status
CMakeFiles/cmTC_995e9.dir/build.make:97: ошибка выполнения рецепта для цели «cmTC_995e9»
make[1]: *** [cmTC_995e9] Ошибка 1
make[1]: выход из каталога «/home/liza/CentralityFramework/CentralityFramework/build/CMakeFiles/CMakeTmp»
Makefile:126: ошибка выполнения рецепта для цели «cmTC_995e9/fast»
make: *** [cmTC_995e9/fast] Ошибка 2

File /home/liza/CentralityFramework/CentralityFramework/build/CMakeFiles/CMakeTmp/CheckSymbolExists.c:
/* */
#include <pthread.h>

int main(int argc, char** argv)
{
  (void)argv;
#ifndef pthread_create
  return ((int*)(&pthread_create))[argc];
#else
  (void)argc;
  return 0;
#endif
}

Determining if the function pthread_create exists in the pthreads failed with the following output:
Change Dir: /home/liza/CentralityFramework/CentralityFramework/build/CMakeFiles/CMakeTmp

Run Build Command:"/usr/bin/make" "cmTC_59f3f/fast"
/usr/bin/make -f CMakeFiles/cmTC_59f3f.dir/build.make CMakeFiles/cmTC_59f3f.dir/build
make[1]: вход в каталог «/home/liza/CentralityFramework/CentralityFramework/build/CMakeFiles/CMakeTmp»
Building C object CMakeFiles/cmTC_59f3f.dir/CheckFunctionExists.c.o
/usr/bin/cc    -DCHECK_FUNCTION_EXISTS=pthread_create   -o CMakeFiles/cmTC_59f3f.dir/CheckFunctionExists.c.o   -c /usr/share/cmake-3.5/Modules/CheckFunctionExists.c
Linking C executable cmTC_59f3f
/usr/bin/cmake -E cmake_link_script CMakeFiles/cmTC_59f3f.dir/link.txt --verbose=1
/usr/bin/cc   -DCHECK_FUNCTION_EXISTS=pthread_create    CMakeFiles/cmTC_59f3f.dir/CheckFunctionExists.c.o  -o cmTC_59f3f -rdynamic -lpthreads 
/usr/bin/ld: cannot find -lpthreads
collect2: error: ld returned 1 exit status
CMakeFiles/cmTC_59f3f.dir/build.make:97: ошибка выполнения рецепта для цели «cmTC_59f3f»
make[1]: *** [cmTC_59f3f] Ошибка 1
make[1]: выход из каталога «/home/liza/CentralityFramework/CentralityFramework/build/CMakeFiles/CMakeTmp»
Makefile:126: ошибка выполнения рецепта для цели «cmTC_59f3f/fast»
make: *** [cmTC_59f3f/fast] Ошибка 2


