Determining if the pthread_create exist failed with the following output:
Change Dir: /home/liza/CentralityFramework/CentralityFramework/Macro/CMakeFiles/CMakeTmp

Run Build Command:"/usr/bin/make" "cmTryCompileExec2676757979/fast"
/usr/bin/make -f CMakeFiles/cmTryCompileExec2676757979.dir/build.make CMakeFiles/cmTryCompileExec2676757979.dir/build
make[1]: Вход в каталог `/home/liza/CentralityFramework/CentralityFramework/Macro/CMakeFiles/CMakeTmp'
/usr/local/bin/cmake -E cmake_progress_report /home/liza/CentralityFramework/CentralityFramework/Macro/CMakeFiles/CMakeTmp/CMakeFiles 1
Building C object CMakeFiles/cmTryCompileExec2676757979.dir/CheckSymbolExists.c.o
/usr/bin/cc    -o CMakeFiles/cmTryCompileExec2676757979.dir/CheckSymbolExists.c.o   -c /home/liza/CentralityFramework/CentralityFramework/Macro/CMakeFiles/CMakeTmp/CheckSymbolExists.c
Linking C executable cmTryCompileExec2676757979
/usr/local/bin/cmake -E cmake_link_script CMakeFiles/cmTryCompileExec2676757979.dir/link.txt --verbose=1
/usr/bin/cc       CMakeFiles/cmTryCompileExec2676757979.dir/CheckSymbolExists.c.o  -o cmTryCompileExec2676757979 -rdynamic 
CMakeFiles/cmTryCompileExec2676757979.dir/CheckSymbolExists.c.o: In function `main':
CheckSymbolExists.c:(.text+0x16): undefined reference to `pthread_create'
collect2: error: ld returned 1 exit status
make[1]: *** [cmTryCompileExec2676757979] Ошибка 1
make[1]: Выход из каталога `/home/liza/CentralityFramework/CentralityFramework/Macro/CMakeFiles/CMakeTmp'
make: *** [cmTryCompileExec2676757979/fast] Ошибка 2

File /home/liza/CentralityFramework/CentralityFramework/Macro/CMakeFiles/CMakeTmp/CheckSymbolExists.c:
/* */
#include <pthread.h>

int main(int argc, char** argv)
{
  (void)argv;
#ifndef pthread_create
  return ((int*)(&pthread_create))[argc];
#else
  (void)argc;
  return 0;
#endif
}

Determining if the function pthread_create exists in the pthreads failed with the following output:
Change Dir: /home/liza/CentralityFramework/CentralityFramework/Macro/CMakeFiles/CMakeTmp

Run Build Command:"/usr/bin/make" "cmTryCompileExec1344260474/fast"
/usr/bin/make -f CMakeFiles/cmTryCompileExec1344260474.dir/build.make CMakeFiles/cmTryCompileExec1344260474.dir/build
make[1]: Вход в каталог `/home/liza/CentralityFramework/CentralityFramework/Macro/CMakeFiles/CMakeTmp'
/usr/local/bin/cmake -E cmake_progress_report /home/liza/CentralityFramework/CentralityFramework/Macro/CMakeFiles/CMakeTmp/CMakeFiles 1
Building C object CMakeFiles/cmTryCompileExec1344260474.dir/CheckFunctionExists.c.o
/usr/bin/cc   -DCHECK_FUNCTION_EXISTS=pthread_create   -o CMakeFiles/cmTryCompileExec1344260474.dir/CheckFunctionExists.c.o   -c /usr/local/share/cmake-3.2/Modules/CheckFunctionExists.c
Linking C executable cmTryCompileExec1344260474
/usr/local/bin/cmake -E cmake_link_script CMakeFiles/cmTryCompileExec1344260474.dir/link.txt --verbose=1
/usr/bin/cc   -DCHECK_FUNCTION_EXISTS=pthread_create    CMakeFiles/cmTryCompileExec1344260474.dir/CheckFunctionExists.c.o  -o cmTryCompileExec1344260474 -rdynamic -lpthreads 
/usr/bin/ld: cannot find -lpthreads
collect2: error: ld returned 1 exit status
make[1]: *** [cmTryCompileExec1344260474] Ошибка 1
make[1]: Выход из каталога `/home/liza/CentralityFramework/CentralityFramework/Macro/CMakeFiles/CMakeTmp'
make: *** [cmTryCompileExec1344260474/fast] Ошибка 2


